<?xml version="1.0" encoding="UTF-8"?>
<testsuite xmlns:xsi="http://www.w3.org/2001/XMLSchema-instance" xsi:noNamespaceSchemaLocation="https://maven.apache.org/surefire/maven-surefire-plugin/xsd/surefire-test-report-3.0.xsd" version="3.0" name="cn.edu.scnu.SpringbootApplicationTests" time="8.599" tests="1" errors="0" skipped="0" failures="0">
  <properties>
[...]
</properties>
  <testcase name="contextLoads" classname="cn.edu.scnu.SpringbootApplicationTests" time="0.259">
    <system-out><![CDATA[21:35:11.423 [main] DEBUG org.springframework.test.context.BootstrapUtils - Instantiating BootstrapContext using constructor [public org.springframework.test.context.support.DefaultBootstrapContext(java.lang.Class,org.springframework.test.context.CacheAwareContextLoaderDelegate)]
21:35:11.453 [main] DEBUG org.springframework.test.context.BootstrapUtils - Instantiating TestContextBootstrapper for test class [cn.edu.scnu.SpringbootApplicationTests] from class [org.springframework.boot.test.context.SpringBootTestContextBootstrapper]
21:35:11.465 [main] INFO org.springframework.boot.test.context.SpringBootTestContextBootstrapper - Neither @ContextConfiguration nor @ContextHierarchy found for test class [cn.edu.scnu.SpringbootApplicationTests], using SpringBootContextLoader
21:35:11.468 [main] DEBUG org.springframework.test.context.support.AbstractContextLoader - Did not detect default resource location for test class [cn.edu.scnu.SpringbootApplicationTests]: class path resource [cn/edu/scnu/SpringbootApplicationTests-context.xml] does not exist
21:35:11.468 [main] DEBUG org.springframework.test.context.support.AbstractContextLoader - Did not detect default resource location for test class [cn.edu.scnu.SpringbootApplicationTests]: class path resource [cn/edu/scnu/SpringbootApplicationTestsContext.groovy] does not exist
21:35:11.468 [main] INFO org.springframework.test.context.support.AbstractContextLoader - Could not detect default resource locations for test class [cn.edu.scnu.SpringbootApplicationTests]: no resource found for suffixes {-context.xml, Context.groovy}.
21:35:11.469 [main] INFO org.springframework.test.context.support.AnnotationConfigContextLoaderUtils - Could not detect default configuration classes for test class [cn.edu.scnu.SpringbootApplicationTests]: SpringbootApplicationTests does not declare any static, non-private, non-final, nested classes annotated with @Configuration.
21:35:11.513 [main] DEBUG org.springframework.test.context.support.ActiveProfilesUtils - Could not find an 'annotation declaring class' for annotation type [org.springframework.test.context.ActiveProfiles] and class [cn.edu.scnu.SpringbootApplicationTests]
21:35:11.594 [main] DEBUG org.springframework.context.annotation.ClassPathScanningCandidateComponentProvider - Identified candidate component class: file [D:\高级软件实作\Senior-library\springboot\target\classes\cn\edu\scnu\SpringbootApplication.class]
21:35:11.597 [main] INFO org.springframework.boot.test.context.SpringBootTestContextBootstrapper - Found @SpringBootConfiguration cn.edu.scnu.SpringbootApplication for test class cn.edu.scnu.SpringbootApplicationTests
21:35:11.685 [main] DEBUG org.springframework.boot.test.context.SpringBootTestContextBootstrapper - @TestExecutionListeners is not present for class [cn.edu.scnu.SpringbootApplicationTests]: using defaults.
21:35:11.685 [main] INFO org.springframework.boot.test.context.SpringBootTestContextBootstrapper - Loaded default TestExecutionListener class names from location [META-INF/spring.factories]: [org.springframework.boot.test.mock.mockito.MockitoTestExecutionListener, org.springframework.boot.test.mock.mockito.ResetMocksTestExecutionListener, org.springframework.boot.test.autoconfigure.restdocs.RestDocsTestExecutionListener, org.springframework.boot.test.autoconfigure.web.client.MockRestServiceServerResetTestExecutionListener, org.springframework.boot.test.autoconfigure.web.servlet.MockMvcPrintOnlyOnFailureTestExecutionListener, org.springframework.boot.test.autoconfigure.web.servlet.WebDriverTestExecutionListener, org.springframework.boot.test.autoconfigure.webservices.client.MockWebServiceServerTestExecutionListener, org.springframework.test.context.web.ServletTestExecutionListener, org.springframework.test.context.support.DirtiesContextBeforeModesTestExecutionListener, org.springframework.test.context.event.ApplicationEventsTestExecutionListener, org.springframework.test.context.support.DependencyInjectionTestExecutionListener, org.springframework.test.context.support.DirtiesContextTestExecutionListener, org.springframework.test.context.transaction.TransactionalTestExecutionListener, org.springframework.test.context.jdbc.SqlScriptsTestExecutionListener, org.springframework.test.context.event.EventPublishingTestExecutionListener]
21:35:11.701 [main] INFO org.springframework.boot.test.context.SpringBootTestContextBootstrapper - Using TestExecutionListeners: [org.springframework.test.context.web.ServletTestExecutionListener@45385f75, org.springframework.test.context.support.DirtiesContextBeforeModesTestExecutionListener@49c90a9c, org.springframework.test.context.event.ApplicationEventsTestExecutionListener@2d29b4ee, org.springframework.boot.test.mock.mockito.MockitoTestExecutionListener@69ee81fc, org.springframework.boot.test.autoconfigure.SpringBootDependencyInjectionTestExecutionListener@6e2aa843, org.springframework.test.context.support.DirtiesContextTestExecutionListener@6f36c2f0, org.springframework.test.context.transaction.TransactionalTestExecutionListener@f58853c, org.springframework.test.context.jdbc.SqlScriptsTestExecutionListener@1224144a, org.springframework.test.context.event.EventPublishingTestExecutionListener@29f7cefd, org.springframework.boot.test.mock.mockito.ResetMocksTestExecutionListener@700fb871, org.springframework.boot.test.autoconfigure.restdocs.RestDocsTestExecutionListener@3b35a229, org.springframework.boot.test.autoconfigure.web.client.MockRestServiceServerResetTestExecutionListener@9816741, org.springframework.boot.test.autoconfigure.web.servlet.MockMvcPrintOnlyOnFailureTestExecutionListener@1e16c0aa, org.springframework.boot.test.autoconfigure.web.servlet.WebDriverTestExecutionListener@13d73f29, org.springframework.boot.test.autoconfigure.webservices.client.MockWebServiceServerTestExecutionListener@565f390]
21:35:11.705 [main] DEBUG org.springframework.test.context.support.AbstractDirtiesContextTestExecutionListener - Before test class: context [DefaultTestContext@7098b907 testClass = SpringbootApplicationTests, testInstance = [null], testMethod = [null], testException = [null], mergedContextConfiguration = [WebMergedContextConfiguration@503f91c3 testClass = SpringbootApplicationTests, locations = '{}', classes = '{class cn.edu.scnu.SpringbootApplication}', contextInitializerClasses = '[]', activeProfiles = '{}', propertySourceLocations = '{}', propertySourceProperties = '{org.springframework.boot.test.context.SpringBootTestContextBootstrapper=true}', contextCustomizers = set[org.springframework.boot.test.context.filter.ExcludeFilterContextCustomizer@3b0090a4, org.springframework.boot.test.json.DuplicateJsonObjectContextCustomizerFactory$DuplicateJsonObjectContextCustomizer@7eac9008, org.springframework.boot.test.mock.mockito.MockitoContextCustomizer@0, org.springframework.boot.test.web.client.TestRestTemplateContextCustomizer@24269709, org.springframework.boot.test.autoconfigure.actuate.metrics.MetricsExportContextCustomizerFactory$DisableMetricExportContextCustomizer@b3ca52e, org.springframework.boot.test.autoconfigure.properties.PropertyMappingContextCustomizer@0, org.springframework.boot.test.autoconfigure.web.servlet.WebDriverContextCustomizerFactory$Customizer@23348b5d, org.springframework.boot.test.context.SpringBootTestArgs@1, org.springframework.boot.test.context.SpringBootTestWebEnvironment@627551fb], resourceBasePath = 'src/main/webapp', contextLoader = 'org.springframework.boot.test.context.SpringBootContextLoader', parent = [null]], attributes = map['org.springframework.test.context.web.ServletTestExecutionListener.activateListener' -> true]], class annotated with @DirtiesContext [false] with mode [null].

  .   ____          _            __ _ _
 /\\ / ___'_ __ _ _(_)_ __  __ _ \ \ \ \
( ( )\___ | '_ | '_| | '_ \/ _` | \ \ \ \
 \\/  ___)| |_)| | | | | || (_| |  ) ) ) )
  '  |____| .__|_| |_|_| |_\__, | / / / /
 =========|_|==============|___/=/_/_/_/
 :: Spring Boot ::               (v2.6.13)

2024-07-10 21:35:12.037  INFO 14372 --- [           main] cn.edu.scnu.SpringbootApplicationTests   : Starting SpringbootApplicationTests using Java 1.8.0_372 on LAPTOP-8C5KKG2A with PID 14372 (started by ying in D:\高级软件实作\Senior-library\springboot)
2024-07-10 21:35:12.038  INFO 14372 --- [           main] cn.edu.scnu.SpringbootApplicationTests   : No active profile set, falling back to 1 default profile: "default"
2024-07-10 21:35:12.896  INFO 14372 --- [           main] .s.d.r.c.RepositoryConfigurationDelegate : Multiple Spring Data modules found, entering strict repository configuration mode
2024-07-10 21:35:12.900  INFO 14372 --- [           main] .s.d.r.c.RepositoryConfigurationDelegate : Bootstrapping Spring Data Redis repositories in DEFAULT mode.
2024-07-10 21:35:12.926  INFO 14372 --- [           main] .s.d.r.c.RepositoryConfigurationDelegate : Finished Spring Data repository scanning in 12 ms. Found 0 Redis repository interfaces.
Logging initialized using 'class org.apache.ibatis.logging.stdout.StdOutImpl' adapter.
Registered plugin: 'com.baomidou.mybatisplus.extension.plugins.MybatisPlusInterceptor@1deceb67'
Property 'mapperLocations' was not specified.
 _ _   |_  _ _|_. ___ _ |    _ 
| | |\/|_)(_| | |_\  |_)||_|_\ 
     /               |         
                        3.5.2 
2024-07-10 21:35:19.667  INFO 14372 --- [           main] s.a.ScheduledAnnotationBeanPostProcessor : No TaskScheduler/ScheduledExecutorService bean found for scheduled processing
2024-07-10 21:35:19.677  INFO 14372 --- [           main] cn.edu.scnu.SpringbootApplicationTests   : Started SpringbootApplicationTests in 7.93 seconds (JVM running for 8.887)
]]></system-out>
  </testcase>
</testsuite>35:19.661  INFO 9828 --- [           main] cn.edu.scnu.SpringbootApplicationTests   : Started SpringbootApplicationTests in 7.913 seconds (JVM running for 8.871)
]]></system-out>
  </testcase>
</testsuite>